C51 COMPILER V9.54   MAIN                                                                  11/09/2024 20:54:30 PAGE 1   


C51 COMPILER V9.54, COMPILATION OF MODULE MAIN
OBJECT MODULE PLACED IN .\Objects\main.obj
COMPILER INVOKED BY: D:\Keil5\C51\BIN\C51.EXE main.c OPTIMIZE(8,SPEED) BROWSE DEBUG OBJECTEXTEND PRINT(.\Listings\main.l
                    -st) TABS(2) OBJECT(.\Objects\main.obj)

line level    source

   1          #include <REGX52.H>
   2          
   3          void Delay(unsigned int xms) // 延时函数
   4          {
   5   1          unsigned char i, j;
   6   1          while(xms--)
   7   1          {
   8   2              i = 2;
   9   2              j = 239;
  10   2              do
  11   2              {
  12   3                  while (--j);
  13   3              } while (--i);
  14   2          }
  15   1      }
  16          
  17          void Nixie(unsigned char loc,unsigned char num)
  18          {
  19   1        unsigned int NumberTable[]={0x3F,0x06,0x5B,0x4F,0x66,0x6D,0x7D,0x07,0x7F,0x6F,0x77,0x7C,0x39,0x5E,0x79,0x
             -71,0x00};
  20   1        switch(loc)
  21   1        {
  22   2          case 1:P2_4=1;P2_3=1;P2_2=1;break;//LED8对应Y7（111）
  23   2          case 2:P2_4=1;P2_3=1;P2_2=0;break;//LED7对应Y6（110）
  24   2          case 3:P2_4=1;P2_3=0;P2_2=1;break;//LED6对应Y5（101）
  25   2          case 4:P2_4=1;P2_3=0;P2_2=0;break;//LED5对应Y4（100）
  26   2          case 5:P2_4=0;P2_3=1;P2_2=1;break;//LED4对应Y3（011）
  27   2          case 6:P2_4=0;P2_3=1;P2_2=0;break;//LED3对应Y2（010）
  28   2          case 7:P2_4=0;P2_3=0;P2_2=1;break;//LED2对应Y1（001）
  29   2          case 8:P2_4=0;P2_3=0;P2_2=0;break;//LED1对应Y0（000）
  30   2        }
  31   1        P0=NumberTable[num];
  32   1        Delay(1);//延迟1ms从而实现稳定显示
  33   1        P0=0x00;
  34   1      }
  35          
  36          void main()
  37          {
  38   1        while(1)
  39   1        {
  40   2          Nixie(1,5);
  41   2          Nixie(2,2);
  42   2          Nixie(3,0);
  43   2          Nixie(5,1);
  44   2          Nixie(6,3);
  45   2          Nixie(7,1);
  46   2          Nixie(8,4);
  47   2        }
  48   1      
  49   1      }
  50          


MODULE INFORMATION:   STATIC OVERLAYABLE
C51 COMPILER V9.54   MAIN                                                                  11/09/2024 20:54:30 PAGE 2   

   CODE SIZE        =    209    ----
   CONSTANT SIZE    =     34    ----
   XDATA SIZE       =   ----    ----
   PDATA SIZE       =   ----    ----
   DATA SIZE        =   ----      36
   IDATA SIZE       =   ----    ----
   BIT SIZE         =   ----    ----
END OF MODULE INFORMATION.


C51 COMPILATION COMPLETE.  0 WARNING(S),  0 ERROR(S)
