C51 COMPILER V9.54   MAIN                                                                  11/09/2024 14:00:53 PAGE 1   


C51 COMPILER V9.54, COMPILATION OF MODULE MAIN
OBJECT MODULE PLACED IN .\Objects\main.obj
COMPILER INVOKED BY: D:\Keil5\C51\BIN\C51.EXE main.c OPTIMIZE(8,SPEED) BROWSE DEBUG OBJECTEXTEND PRINT(.\Listings\main.l
                    -st) TABS(2) OBJECT(.\Objects\main.obj)

line level    source

   1          #include <REGX52.H>
   2          #include <INTRINS.H>  // 延时模块所需的头文件
   3          
   4          void Delay(unsigned int xms) // 延时函数
   5          {
   6   1          unsigned char i, j;
   7   1          while(xms--)
   8   1          {
   9   2              i = 2;
  10   2              j = 239;
  11   2              do
  12   2              {
  13   3                  while (--j);
  14   3              } while (--i);
  15   2          }
  16   1      }
  17          
  18          void main()
  19          {
  20   1          unsigned char LEDNum=0;//定义一个LED灯状态变量
  21   1          while(1)  // 无限循环
  22   1          {
  23   2             if(P3_2==0)
  24   2             {
  25   3                Delay(20);
  26   3                while(P3_2==0);
  27   3                Delay(20);
  28   3                LEDNum++;
  29   3                P2=~LEDNum;
  30   3             }
  31   2          }
  32   1      }


MODULE INFORMATION:   STATIC OVERLAYABLE
   CODE SIZE        =     50    ----
   CONSTANT SIZE    =   ----    ----
   XDATA SIZE       =   ----    ----
   PDATA SIZE       =   ----    ----
   DATA SIZE        =   ----    ----
   IDATA SIZE       =   ----    ----
   BIT SIZE         =   ----    ----
END OF MODULE INFORMATION.


C51 COMPILATION COMPLETE.  0 WARNING(S),  0 ERROR(S)
