C51 COMPILER V9.54   MAIN                                                                  11/08/2024 17:07:21 PAGE 1   


C51 COMPILER V9.54, COMPILATION OF MODULE MAIN
OBJECT MODULE PLACED IN .\Objects\main.obj
COMPILER INVOKED BY: D:\Keil5\C51\BIN\C51.EXE main.c OPTIMIZE(8,SPEED) BROWSE DEBUG OBJECTEXTEND PRINT(.\Listings\main.l
                    -st) TABS(2) OBJECT(.\Objects\main.obj)

line level    source

   1          #include <REGX52.H>
   2          #include <INTRINS.H>  // 延时模块所需的头文件
   3          
   4          void Delay500ms()   //@12.000MHz
   5          {
   6   1        unsigned char i, j, k;
   7   1      
   8   1        _nop_();
   9   1        i = 4;
  10   1        j = 205;
  11   1        k = 187;
  12   1        do
  13   1        {
  14   2          do
  15   2          {
  16   3            while (--k);
  17   3          } while (--j);
  18   2        } while (--i);
  19   1      }
  20          
  21          void main()
  22          {
  23   1        while(1)
  24   1        {
  25   2          // 从 D1 到 D8 依次点亮
  26   2          P2 = 0xFE;  // 点亮 D1
  27   2          Delay500ms();
  28   2          P2 = 0xFD;  // 点亮 D2
  29   2          Delay500ms();
  30   2          P2 = 0xFB;  // 点亮 D3
  31   2          Delay500ms();
  32   2          P2 = 0xF7;  // 点亮 D4
  33   2          Delay500ms();
  34   2          P2 = 0xEF;  // 点亮 D5
  35   2          Delay500ms();
  36   2          P2 = 0xDF;  // 点亮 D6
  37   2          Delay500ms();
  38   2          P2 = 0xBF;  // 点亮 D7
  39   2          Delay500ms();
  40   2          P2 = 0x7F;  // 点亮 D8
  41   2          Delay500ms();
  42   2        }
  43   1      }


MODULE INFORMATION:   STATIC OVERLAYABLE
   CODE SIZE        =     64    ----
   CONSTANT SIZE    =   ----    ----
   XDATA SIZE       =   ----    ----
   PDATA SIZE       =   ----    ----
   DATA SIZE        =   ----    ----
   IDATA SIZE       =   ----    ----
   BIT SIZE         =   ----    ----
END OF MODULE INFORMATION.

C51 COMPILER V9.54   MAIN                                                                  11/08/2024 17:07:21 PAGE 2   


C51 COMPILATION COMPLETE.  0 WARNING(S),  0 ERROR(S)
