C51 COMPILER V9.54   MAIN                                                                  11/09/2024 14:46:56 PAGE 1   


C51 COMPILER V9.54, COMPILATION OF MODULE MAIN
OBJECT MODULE PLACED IN .\Objects\main.obj
COMPILER INVOKED BY: D:\Keil5\C51\BIN\C51.EXE main.c OPTIMIZE(8,SPEED) BROWSE DEBUG OBJECTEXTEND PRINT(.\Listings\main.l
                    -st) TABS(2) OBJECT(.\Objects\main.obj)

line level    source

   1          #include <REGX52.H>
   2          #include <INTRINS.H>  // 延时模块所需的头文件
   3          
   4          void Delay(unsigned int xms) // 延时函数
   5          {
   6   1          unsigned char i, j;
   7   1          while(xms--)
   8   1          {
   9   2              i = 2;
  10   2              j = 239;
  11   2              do
  12   2              {
  13   3                  while (--j);
  14   3              } while (--i);
  15   2          }
  16   1      }
  17          
  18          void main()
  19          {
  20   1          unsigned char LEDNum = 0;
  21   1        P2=~(0X01);//初始上电，第一个灯点亮
  22   1          while(1)
  23   1          {
  24   2              if(P3_3 == 0) // 检测按键是否按下
  25   2              {
  26   3                  Delay(20); // 延时消除抖动
  27   3                  while(P3_3 == 0) // 等待按键松开
  28   3                  {
  29   4                      Delay(20); // 延时消除抖动
  30   4                  }
  31   3                  LEDNum++;
  32   3                  if (LEDNum >= 8)
  33   3                  {
  34   4                      LEDNum = 0;
  35   4                  }
  36   3                  P2 = ~(0x01 << LEDNum); // 控制LED灯流水点亮
  37   3              }
  38   2              if(P3_2 == 0) // 检测按键是否按下
  39   2              {
  40   3                  Delay(20); // 延时消除抖动
  41   3                  while(P3_2 == 0) // 等待按键松开
  42   3                  {
  43   4                      Delay(20); // 延时消除抖动
  44   4                  }
  45   3                  if (LEDNum == 0)
  46   3                  {
  47   4                      LEDNum = 7;
  48   4                  }
  49   3                  else
  50   3                  {
  51   4                    LEDNum--;
  52   4                  }
  53   3                  P2 = ~(0x01 << LEDNum); // 控制LED灯流水点亮
  54   3              }
C51 COMPILER V9.54   MAIN                                                                  11/09/2024 14:46:56 PAGE 2   

  55   2              
  56   2          }
  57   1      }


MODULE INFORMATION:   STATIC OVERLAYABLE
   CODE SIZE        =    107    ----
   CONSTANT SIZE    =   ----    ----
   XDATA SIZE       =   ----    ----
   PDATA SIZE       =   ----    ----
   DATA SIZE        =   ----    ----
   IDATA SIZE       =   ----    ----
   BIT SIZE         =   ----    ----
END OF MODULE INFORMATION.


C51 COMPILATION COMPLETE.  0 WARNING(S),  0 ERROR(S)
