C51 COMPILER V9.54   MAIN                                                                  11/09/2024 19:59:51 PAGE 1   


C51 COMPILER V9.54, COMPILATION OF MODULE MAIN
OBJECT MODULE PLACED IN .\Objects\main.obj
COMPILER INVOKED BY: D:\Keil5\C51\BIN\C51.EXE main.c OPTIMIZE(8,SPEED) BROWSE DEBUG OBJECTEXTEND PRINT(.\Listings\main.l
                    -st) TABS(2) OBJECT(.\Objects\main.obj)

line level    source

   1          //数码管位置封装函数和数字数组，通过传入参数实现在某位置显示某个数
   2          #include <REGX52.H>
   3          
   4          void Nixie(unsigned char loc,unsigned char num)
   5          {
   6   1        unsigned int NumberTable[]={0x3F,0x06,0x5B,0x4F,0x66,0x6D,0x7D,0x07,0x7F,0x6F,0x77,0x7C,0x39,0x5E,0x79,0x
             -71,0x00};
   7   1        switch(loc)
   8   1        {
   9   2          case 1:P2_4=1;P2_3=1;P2_2=1;break;//LED8对应Y7（111）
  10   2          case 2:P2_4=1;P2_3=1;P2_2=0;break;//LED7对应Y6（110）
  11   2          case 3:P2_4=1;P2_3=0;P2_2=1;break;//LED6对应Y5（101）
  12   2          case 4:P2_4=1;P2_3=0;P2_2=0;break;//LED5对应Y4（100）
  13   2          case 5:P2_4=0;P2_3=1;P2_2=1;break;//LED4对应Y3（011）
  14   2          case 6:P2_4=0;P2_3=1;P2_2=0;break;//LED3对应Y2（010）
  15   2          case 7:P2_4=0;P2_3=0;P2_2=1;break;//LED2对应Y1（001）
  16   2          case 8:P2_4=0;P2_3=0;P2_2=0;break;//LED1对应Y0（000）
  17   2        }
  18   1          P0=NumberTable[num];
  19   1        
  20   1      }
  21          
  22          void main()
  23          {
  24   1        Nixie(1,5);
  25   1        while(1)
  26   1        {
  27   2          
  28   2        }
  29   1      }


MODULE INFORMATION:   STATIC OVERLAYABLE
   CODE SIZE        =    136    ----
   CONSTANT SIZE    =     34    ----
   XDATA SIZE       =   ----    ----
   PDATA SIZE       =   ----    ----
   DATA SIZE        =   ----      36
   IDATA SIZE       =   ----    ----
   BIT SIZE         =   ----    ----
END OF MODULE INFORMATION.


C51 COMPILATION COMPLETE.  0 WARNING(S),  0 ERROR(S)
